<?xml version="1.0" encoding="UTF-8"?>
<!-- Generated by org.testng.reporters.JUnitReportReporter -->
<testsuite hostname="BOOK-P0O1IG8UK3" failures="0" tests="1" name="selenium.TC_login" time="2.717" errors="0" timestamp="2023-01-20T04:47:03 EST" skipped="0">
  <testcase classname="selenium.TC_login" name="login_Test" time="2.717"/>
  <system-out/>
</testsuite> <!-- selenium.TC_login -->
