<?xml version="1.0" encoding="UTF-8"?>
<!-- Generated by org.testng.reporters.JUnitReportReporter -->
<testsuite hostname="BOOK-P0O1IG8UK3" failures="0" tests="2" name="selenium.Apptest" time="0.006" errors="0" timestamp="2023-01-20T04:47:03 EST" skipped="0">
  <testcase classname="selenium.Apptest" name="testlogin2" time="0.001"/>
  <system-out/>
  <testcase classname="selenium.Apptest" name="testlogin1" time="0.005"/>
  <system-out/>
</testsuite> <!-- selenium.Apptest -->
