<?xml version="1.0" encoding="UTF-8"?>
<!-- Generated by org.testng.reporters.JUnitReportReporter -->
<testsuite hostname="BOOK-P0O1IG8UK3" failures="0" tests="1" name="selenium.TC_login" time="4.420" errors="0" timestamp="2023-02-21T01:21:42 EST" skipped="0">
  <testcase classname="selenium.TC_login" name="login_Test" time="4.420"/>
  <system-out/>
</testsuite> <!-- selenium.TC_login -->
