<?xml version="1.0" encoding="UTF-8"?>
<!-- Generated by org.testng.reporters.JUnitReportReporter -->
<testsuite hostname="BOOK-P0O1IG8UK3" failures="0" tests="2" name="selenium.Apptest" time="0.014" errors="0" timestamp="2023-02-21T01:19:31 EST" skipped="0">
  <testcase classname="selenium.Apptest" name="testlogin1" time="0.013"/>
  <system-out/>
  <testcase classname="selenium.Apptest" name="testlogin2" time="0.001"/>
  <system-out/>
</testsuite> <!-- selenium.Apptest -->
